This is pdfTeX, Version 3.14159265-2.6-1.40.19 (TeX Live 2018/W32TeX) (preloaded format=pdflatex 2019.2.11)  11 APR 2019 22:33
entering extended mode
 \write18 enabled.
 %&-line parsing enabled.
**report
(./report.tex
LaTeX2e <2018-04-01> patch level 2
Babel <3.18> and hyphenation patterns for 84 language(s) loaded.
(e:/TexLive2018/setup/texmf-dist/tex/latex/base/article.cls
Document Class: article 2014/09/29 v1.4h Standard LaTeX document class
(e:/TexLive2018/setup/texmf-dist/tex/latex/base/size10.clo
File: size10.clo 2014/09/29 v1.4h Standard LaTeX file (size option)
)
\c@part=\count80
\c@section=\count81
\c@subsection=\count82
\c@subsubsection=\count83
\c@paragraph=\count84
\c@subparagraph=\count85
\c@figure=\count86
\c@table=\count87
\abovecaptionskip=\skip41
\belowcaptionskip=\skip42
\bibindent=\dimen102
)
(e:/TexLive2018/setup/texmf-dist/tex/latex/caption/caption.sty
Package: caption 2016/02/21 v3.3-144 Customizing captions (AR)

(e:/TexLive2018/setup/texmf-dist/tex/latex/caption/caption3.sty
Package: caption3 2016/05/22 v1.7-166 caption3 kernel (AR)
Package caption3 Info: TeX engine: e-TeX on input line 67.

(e:/TexLive2018/setup/texmf-dist/tex/latex/graphics/keyval.sty
Package: keyval 2014/10/28 v1.15 key=value parser (DPC)
\KV@toks@=\toks14
)
\captionmargin=\dimen103
\captionmargin@=\dimen104
\captionwidth=\dimen105
\caption@tempdima=\dimen106
\caption@indent=\dimen107
\caption@parindent=\dimen108
\caption@hangindent=\dimen109
)
\c@ContinuedFloat=\count88
)
(e:/TexLive2018/setup/texmf-dist/tex/latex/cite/cite.sty
LaTeX Info: Redefining \cite on input line 302.
LaTeX Info: Redefining \nocite on input line 332.
Package: cite 2015/02/27  v 5.5
)
(e:/TexLive2018/setup/texmf-dist/tex/latex/mathtools/mathtools.sty
Package: mathtools 2018/01/08 v1.21 mathematical typesetting tools

(e:/TexLive2018/setup/texmf-dist/tex/latex/tools/calc.sty
Package: calc 2017/05/25 v4.3 Infix arithmetic (KKT,FJ)
\calc@Acount=\count89
\calc@Bcount=\count90
\calc@Adimen=\dimen110
\calc@Bdimen=\dimen111
\calc@Askip=\skip43
\calc@Bskip=\skip44
LaTeX Info: Redefining \setlength on input line 80.
LaTeX Info: Redefining \addtolength on input line 81.
\calc@Ccount=\count91
\calc@Cskip=\skip45
)
(e:/TexLive2018/setup/texmf-dist/tex/latex/mathtools/mhsetup.sty
Package: mhsetup 2017/03/31 v1.3 programming setup (MH)
)
(e:/TexLive2018/setup/texmf-dist/tex/latex/amsmath/amsmath.sty
Package: amsmath 2017/09/02 v2.17a AMS math features
\@mathmargin=\skip46

For additional information on amsmath, use the `?' option.
(e:/TexLive2018/setup/texmf-dist/tex/latex/amsmath/amstext.sty
Package: amstext 2000/06/29 v2.01 AMS text

(e:/TexLive2018/setup/texmf-dist/tex/latex/amsmath/amsgen.sty
File: amsgen.sty 1999/11/30 v2.0 generic functions
\@emptytoks=\toks15
\ex@=\dimen112
))
(e:/TexLive2018/setup/texmf-dist/tex/latex/amsmath/amsbsy.sty
Package: amsbsy 1999/11/29 v1.2d Bold Symbols
\pmbraise@=\dimen113
)
(e:/TexLive2018/setup/texmf-dist/tex/latex/amsmath/amsopn.sty
Package: amsopn 2016/03/08 v2.02 operator names
)
\inf@bad=\count92
LaTeX Info: Redefining \frac on input line 213.
\uproot@=\count93
\leftroot@=\count94
LaTeX Info: Redefining \overline on input line 375.
\classnum@=\count95
\DOTSCASE@=\count96
LaTeX Info: Redefining \ldots on input line 472.
LaTeX Info: Redefining \dots on input line 475.
LaTeX Info: Redefining \cdots on input line 596.
\Mathstrutbox@=\box26
\strutbox@=\box27
\big@size=\dimen114
LaTeX Font Info:    Redeclaring font encoding OML on input line 712.
LaTeX Font Info:    Redeclaring font encoding OMS on input line 713.
\macc@depth=\count97
\c@MaxMatrixCols=\count98
\dotsspace@=\muskip10
\c@parentequation=\count99
\dspbrk@lvl=\count100
\tag@help=\toks16
\row@=\count101
\column@=\count102
\maxfields@=\count103
\andhelp@=\toks17
\eqnshift@=\dimen115
\alignsep@=\dimen116
\tagshift@=\dimen117
\tagwidth@=\dimen118
\totwidth@=\dimen119
\lineht@=\dimen120
\@envbody=\toks18
\multlinegap=\skip47
\multlinetaggap=\skip48
\mathdisplay@stack=\toks19
LaTeX Info: Redefining \[ on input line 2817.
LaTeX Info: Redefining \] on input line 2818.
)
LaTeX Info: Thecontrolsequence`\('isalreadyrobust on input line 129.
LaTeX Info: Thecontrolsequence`\)'isalreadyrobust on input line 129.
LaTeX Info: Thecontrolsequence`\['isalreadyrobust on input line 129.
LaTeX Info: Thecontrolsequence`\]'isalreadyrobust on input line 129.
\g_MT_multlinerow_int=\count104
\l_MT_multwidth_dim=\dimen121
\origjot=\skip49
\l_MT_shortvdotswithinadjustabove_dim=\dimen122
\l_MT_shortvdotswithinadjustbelow_dim=\dimen123
\l_MT_above_intertext_sep=\dimen124
\l_MT_below_intertext_sep=\dimen125
\l_MT_above_shortintertext_sep=\dimen126
\l_MT_below_shortintertext_sep=\dimen127
)
(./pythonhighlight.sty
Package: pythonhighlight 2011/09/19 python code highlighting; provided by Olivi
er Verdier <olivier.verdier@gmail.com>

(e:/TexLive2018/setup/texmf-dist/tex/latex/listings/listings.sty
\lst@mode=\count105
\lst@gtempboxa=\box28
\lst@token=\toks20
\lst@length=\count106
\lst@currlwidth=\dimen128
\lst@column=\count107
\lst@pos=\count108
\lst@lostspace=\dimen129
\lst@width=\dimen130
\lst@newlines=\count109
\lst@lineno=\count110
\lst@maxwidth=\dimen131

(e:/TexLive2018/setup/texmf-dist/tex/latex/listings/lstmisc.sty
File: lstmisc.sty 2015/06/04 1.6 (Carsten Heinz)
\c@lstnumber=\count111
\lst@skipnumbers=\count112
\lst@framebox=\box29
)
(e:/TexLive2018/setup/texmf-dist/tex/latex/listings/listings.cfg
File: listings.cfg 2015/06/04 1.6 listings configuration
))
Package: listings 2015/06/04 1.6 (Carsten Heinz)

(e:/TexLive2018/setup/texmf-dist/tex/latex/xcolor/xcolor.sty
Package: xcolor 2016/05/11 v2.12 LaTeX color extensions (UK)

(e:/TexLive2018/setup/texmf-dist/tex/latex/graphics-cfg/color.cfg
File: color.cfg 2016/01/02 v1.6 sample color configuration
)
Package xcolor Info: Driver file: pdftex.def on input line 225.

(e:/TexLive2018/setup/texmf-dist/tex/latex/graphics-def/pdftex.def
File: pdftex.def 2018/01/08 v1.0l Graphics/color driver for pdftex
)
Package xcolor Info: Model `cmy' substituted by `cmy0' on input line 1348.
Package xcolor Info: Model `hsb' substituted by `rgb' on input line 1352.
Package xcolor Info: Model `RGB' extended on input line 1364.
Package xcolor Info: Model `HTML' substituted by `rgb' on input line 1366.
Package xcolor Info: Model `Hsb' substituted by `hsb' on input line 1367.
Package xcolor Info: Model `tHsb' substituted by `hsb' on input line 1368.
Package xcolor Info: Model `HSB' substituted by `hsb' on input line 1369.
Package xcolor Info: Model `Gray' substituted by `gray' on input line 1370.
Package xcolor Info: Model `wave' substituted by `hsb' on input line 1371.
))
(e:/TexLive2018/setup/texmf-dist/tex/latex/graphics/graphicx.sty
Package: graphicx 2017/06/01 v1.1a Enhanced LaTeX Graphics (DPC,SPQR)

(e:/TexLive2018/setup/texmf-dist/tex/latex/graphics/graphics.sty
Package: graphics 2017/06/25 v1.2c Standard LaTeX Graphics (DPC,SPQR)

(e:/TexLive2018/setup/texmf-dist/tex/latex/graphics/trig.sty
Package: trig 2016/01/03 v1.10 sin cos tan (DPC)
)
(e:/TexLive2018/setup/texmf-dist/tex/latex/graphics-cfg/graphics.cfg
File: graphics.cfg 2016/06/04 v1.11 sample graphics configuration
)
Package graphics Info: Driver file: pdftex.def on input line 99.
)
\Gin@req@height=\dimen132
\Gin@req@width=\dimen133
)
(e:/TexLive2018/setup/texmf-dist/tex/latex/subfigure/subfigure.sty
Package: subfigure 2002/03/15 v2.1.5 subfigure package
\subfigtopskip=\skip50
\subfigcapskip=\skip51
\subfigcaptopadj=\dimen134
\subfigbottomskip=\skip52
\subfigcapmargin=\dimen135
\subfiglabelskip=\skip53
\c@subfigure=\count113
\c@lofdepth=\count114
\c@subtable=\count115
\c@lotdepth=\count116

****************************************
* Local config file subfigure.cfg used *
****************************************
(e:/TexLive2018/setup/texmf-dist/tex/latex/subfigure/subfigure.cfg)
\subfig@top=\skip54
\subfig@bottom=\skip55
)
(e:/TexLive2018/setup/texmf-dist/tex/latex/hyperref/hyperref.sty
Package: hyperref 2018/02/06 v6.86b Hypertext links for LaTeX

(e:/TexLive2018/setup/texmf-dist/tex/generic/oberdiek/hobsub-hyperref.sty
Package: hobsub-hyperref 2016/05/16 v1.14 Bundle oberdiek, subset hyperref (HO)


(e:/TexLive2018/setup/texmf-dist/tex/generic/oberdiek/hobsub-generic.sty
Package: hobsub-generic 2016/05/16 v1.14 Bundle oberdiek, subset generic (HO)
Package: hobsub 2016/05/16 v1.14 Construct package bundles (HO)
Package: infwarerr 2016/05/16 v1.4 Providing info/warning/error messages (HO)
Package: ltxcmds 2016/05/16 v1.23 LaTeX kernel commands for general use (HO)
Package: ifluatex 2016/05/16 v1.4 Provides the ifluatex switch (HO)
Package ifluatex Info: LuaTeX not detected.
Package: ifvtex 2016/05/16 v1.6 Detect VTeX and its facilities (HO)
Package ifvtex Info: VTeX not detected.
Package: intcalc 2016/05/16 v1.2 Expandable calculations with integers (HO)
Package: ifpdf 2017/03/15 v3.2 Provides the ifpdf switch
Package: etexcmds 2016/05/16 v1.6 Avoid name clashes with e-TeX commands (HO)
Package etexcmds Info: Could not find \expanded.
(etexcmds)             That can mean that you are not using pdfTeX 1.50 or
(etexcmds)             that some package has redefined \expanded.
(etexcmds)             In the latter case, load this package earlier.
Package: kvsetkeys 2016/05/16 v1.17 Key value parser (HO)
Package: kvdefinekeys 2016/05/16 v1.4 Define keys (HO)
Package: pdftexcmds 2018/01/30 v0.27 Utility functions of pdfTeX for LuaTeX (HO
)
Package pdftexcmds Info: LuaTeX not detected.
Package pdftexcmds Info: \pdf@primitive is available.
Package pdftexcmds Info: \pdf@ifprimitive is available.
Package pdftexcmds Info: \pdfdraftmode found.
Package: pdfescape 2016/05/16 v1.14 Implements pdfTeX's escape features (HO)
Package: bigintcalc 2016/05/16 v1.4 Expandable calculations on big integers (HO
)
Package: bitset 2016/05/16 v1.2 Handle bit-vector datatype (HO)
Package: uniquecounter 2016/05/16 v1.3 Provide unlimited unique counter (HO)
)
Package hobsub Info: Skipping package `hobsub' (already loaded).
Package: letltxmacro 2016/05/16 v1.5 Let assignment for LaTeX macros (HO)
Package: hopatch 2016/05/16 v1.3 Wrapper for package hooks (HO)
Package: xcolor-patch 2016/05/16 xcolor patch
Package: atveryend 2016/05/16 v1.9 Hooks at the very end of document (HO)
Package atveryend Info: \enddocument detected (standard20110627).
Package: atbegshi 2016/06/09 v1.18 At begin shipout hook (HO)
Package: refcount 2016/05/16 v3.5 Data extraction from label references (HO)
Package: hycolor 2016/05/16 v1.8 Color options for hyperref/bookmark (HO)
)
(e:/TexLive2018/setup/texmf-dist/tex/generic/ifxetex/ifxetex.sty
Package: ifxetex 2010/09/12 v0.6 Provides ifxetex conditional
)
(e:/TexLive2018/setup/texmf-dist/tex/latex/oberdiek/auxhook.sty
Package: auxhook 2016/05/16 v1.4 Hooks for auxiliary files (HO)
)
(e:/TexLive2018/setup/texmf-dist/tex/latex/oberdiek/kvoptions.sty
Package: kvoptions 2016/05/16 v3.12 Key value format for package options (HO)
)
\@linkdim=\dimen136
\Hy@linkcounter=\count117
\Hy@pagecounter=\count118

(e:/TexLive2018/setup/texmf-dist/tex/latex/hyperref/pd1enc.def
File: pd1enc.def 2018/02/06 v6.86b Hyperref: PDFDocEncoding definition (HO)
Now handling font encoding PD1 ...
... no UTF-8 mapping file for font encoding PD1
)
\Hy@SavedSpaceFactor=\count119

(e:/TexLive2018/setup/texmf-dist/tex/latex/latexconfig/hyperref.cfg
File: hyperref.cfg 2002/06/06 v1.2 hyperref configuration of TeXLive
)
Package hyperref Info: Hyper figures OFF on input line 4509.
Package hyperref Info: Link nesting OFF on input line 4514.
Package hyperref Info: Hyper index ON on input line 4517.
Package hyperref Info: Plain pages OFF on input line 4524.
Package hyperref Info: Backreferencing OFF on input line 4529.
Package hyperref Info: Implicit mode ON; LaTeX internals redefined.
Package hyperref Info: Bookmarks ON on input line 4762.
\c@Hy@tempcnt=\count120

(e:/TexLive2018/setup/texmf-dist/tex/latex/url/url.sty
\Urlmuskip=\muskip11
Package: url 2013/09/16  ver 3.4  Verb mode for urls, etc.
)
LaTeX Info: Redefining \url on input line 5115.
\XeTeXLinkMargin=\dimen137
\Fld@menulength=\count121
\Field@Width=\dimen138
\Fld@charsize=\dimen139
Package hyperref Info: Hyper figures OFF on input line 6369.
Package hyperref Info: Link nesting OFF on input line 6374.
Package hyperref Info: Hyper index ON on input line 6377.
Package hyperref Info: backreferencing OFF on input line 6384.
Package hyperref Info: Link coloring OFF on input line 6389.
Package hyperref Info: Link coloring with OCG OFF on input line 6394.
Package hyperref Info: PDF/A mode OFF on input line 6399.
LaTeX Info: Redefining \ref on input line 6439.
LaTeX Info: Redefining \pageref on input line 6443.
\Hy@abspage=\count122
\c@Item=\count123
\c@Hfootnote=\count124
)
Package hyperref Info: Driver (autodetected): hpdftex.

(e:/TexLive2018/setup/texmf-dist/tex/latex/hyperref/hpdftex.def
File: hpdftex.def 2018/02/06 v6.86b Hyperref driver for pdfTeX
\Fld@listcount=\count125
\c@bookmark@seq@number=\count126

(e:/TexLive2018/setup/texmf-dist/tex/latex/oberdiek/rerunfilecheck.sty
Package: rerunfilecheck 2016/05/16 v1.8 Rerun checks for auxiliary files (HO)
Package uniquecounter Info: New unique counter `rerunfilecheck' on input line 2
82.
)
\Hy@SectionHShift=\skip56
)
(e:/TexLive2018/setup/texmf-dist/tex/generic/babel/babel.sty
Package: babel 2018/02/14 3.18 The Babel package

(e:/TexLive2018/setup/texmf-dist/tex/generic/babel/switch.def
File: switch.def 2018/02/14 3.18 Babel switching mechanism
)
(e:/TexLive2018/setup/texmf-dist/tex/generic/babel-english/english.ldf
Language: english 2017/06/06 v3.3r English support from the babel system

(e:/TexLive2018/setup/texmf-dist/tex/generic/babel/babel.def
File: babel.def 2018/02/14 3.18 Babel common definitions
\babel@savecnt=\count127
\U@D=\dimen140

(e:/TexLive2018/setup/texmf-dist/tex/generic/babel/txtbabel.def)
\bbl@dirlevel=\count128
)
\l@canadian = a dialect from \language\l@american 
\l@australian = a dialect from \language\l@british 
\l@newzealand = a dialect from \language\l@british 
))
(e:/TexLive2018/setup/texmf-dist/tex/latex/base/inputenc.sty
Package: inputenc 2018/04/06 v1.3b Input encoding file
\inpenc@prehook=\toks21
\inpenc@posthook=\toks22

(e:/TexLive2018/setup/texmf-dist/tex/latex/base/latin1.def
File: latin1.def 2018/04/06 v1.3b Input encoding file
)) (./report.aux

LaTeX Warning: Label `fig:a' multiply defined.


LaTeX Warning: Label `sub@fig:a' multiply defined.


LaTeX Warning: Label `fig:b' multiply defined.


LaTeX Warning: Label `sub@fig:b' multiply defined.


LaTeX Warning: Label `fig:a' multiply defined.


LaTeX Warning: Label `sub@fig:a' multiply defined.


LaTeX Warning: Label `fig:b' multiply defined.


LaTeX Warning: Label `sub@fig:b' multiply defined.

)
\openout1 = `report.aux'.

LaTeX Font Info:    Checking defaults for OML/cmm/m/it on input line 11.
LaTeX Font Info:    ... okay on input line 11.
LaTeX Font Info:    Checking defaults for T1/cmr/m/n on input line 11.
LaTeX Font Info:    ... okay on input line 11.
LaTeX Font Info:    Checking defaults for OT1/cmr/m/n on input line 11.
LaTeX Font Info:    ... okay on input line 11.
LaTeX Font Info:    Checking defaults for OMS/cmsy/m/n on input line 11.
LaTeX Font Info:    ... okay on input line 11.
LaTeX Font Info:    Checking defaults for OMX/cmex/m/n on input line 11.
LaTeX Font Info:    ... okay on input line 11.
LaTeX Font Info:    Checking defaults for U/cmr/m/n on input line 11.
LaTeX Font Info:    ... okay on input line 11.
LaTeX Font Info:    Checking defaults for PD1/pdf/m/n on input line 11.
LaTeX Font Info:    ... okay on input line 11.
Package caption Info: Begin \AtBeginDocument code.
Package caption Info: hyperref package is loaded.
Package caption Info: listings package is loaded.
Package caption Info: subfigure package is loaded.
Package caption Info: End \AtBeginDocument code.
\c@lstlisting=\count129
 (e:/TexLive2018/setup/texmf-dist/tex/context/base/mkii/supp-pdf.mkii
[Loading MPS to PDF converter (version 2006.09.02).]
\scratchcounter=\count130
\scratchdimen=\dimen141
\scratchbox=\box30
\nofMPsegments=\count131
\nofMParguments=\count132
\everyMPshowfont=\toks23
\MPscratchCnt=\count133
\MPscratchDim=\dimen142
\MPnumerator=\count134
\makeMPintoPDFobject=\count135
\everyMPtoPDFconversion=\toks24
) (e:/TexLive2018/setup/texmf-dist/tex/latex/oberdiek/epstopdf-base.sty
Package: epstopdf-base 2016/05/15 v2.6 Base part for package epstopdf

(e:/TexLive2018/setup/texmf-dist/tex/latex/oberdiek/grfext.sty
Package: grfext 2016/05/16 v1.2 Manage graphics extensions (HO)
)
Package epstopdf-base Info: Redefining graphics rule for `.eps' on input line 4
38.
Package grfext Info: Graphics extension search list:
(grfext)             [.pdf,.png,.jpg,.mps,.jpeg,.jbig2,.jb2,.PDF,.PNG,.JPG,.JPE
G,.JBIG2,.JB2,.eps]
(grfext)             \AppendGraphicsExtensions on input line 456.

(e:/TexLive2018/setup/texmf-dist/tex/latex/latexconfig/epstopdf-sys.cfg
File: epstopdf-sys.cfg 2010/07/13 v1.3 Configuration of (r)epstopdf for TeX Liv
e
))
\AtBeginShipoutBox=\box31
Package hyperref Info: Link coloring OFF on input line 11.

(e:/TexLive2018/setup/texmf-dist/tex/latex/hyperref/nameref.sty
Package: nameref 2016/05/21 v2.44 Cross-referencing by name of section

(e:/TexLive2018/setup/texmf-dist/tex/generic/oberdiek/gettitlestring.sty
Package: gettitlestring 2016/05/16 v1.5 Cleanup title references (HO)
)
\c@section@level=\count136
)
LaTeX Info: Redefining \ref on input line 11.
LaTeX Info: Redefining \pageref on input line 11.
LaTeX Info: Redefining \nameref on input line 11.

(./report.out) (./report.out)
\@outlinefile=\write3
\openout3 = `report.out'.

 [1

{e:/TexLive2018/setup/texmf-var/fonts/map/pdftex/updmap/pdftex.map}]
Overfull \hbox (106.49606pt too wide) in paragraph at lines 37--37
[]      \OT1/cmtt/m/n/10 https://github.com/LeavesLei/UPC-DL-lab-code/tree/mast
er/lab_2/source_code_lab_2[] 
 []

<report_image/mnist-all.png, id=53, 596.2275pt x 362.35374pt>
File: report_image/mnist-all.png Graphic file (type png)
<use report_image/mnist-all.png>
Package pdftex.def Info: report_image/mnist-all.png  used on input line 46.
(pdftex.def)             Requested size: 345.0pt x 209.67323pt.
[2 <./report_image/mnist-all.png>]
<report_image/rnn.jpg, id=70, 797.98125pt x 320.19624pt>
File: report_image/rnn.jpg Graphic file (type jpg)
<use report_image/rnn.jpg>
Package pdftex.def Info: report_image/rnn.jpg  used on input line 58.
(pdftex.def)             Requested size: 345.0pt x 138.4341pt.
 [3 <./report_image/rnn.jpg>]
<report_image/mnist-rnn.jpg, id=90, 520.94624pt x 182.93344pt>
File: report_image/mnist-rnn.jpg Graphic file (type jpg)
<use report_image/mnist-rnn.jpg>
Package pdftex.def Info: report_image/mnist-rnn.jpg  used on input line 93.
(pdftex.def)             Requested size: 345.0pt x 121.14955pt.

(e:/TexLive2018/setup/texmf-dist/tex/latex/listings/lstlang1.sty
File: lstlang1.sty 2015/06/04 1.6 listings language file
) [4 <./report_image/mnist-rnn.jpg>]
<report_image/result/mnist_cnn_accuracy-neurons=4-dropout=0.png, id=108, 462.52
8pt x 346.896pt>
File: report_image/result/mnist_cnn_accuracy-neurons=4-dropout=0.png Graphic fi
le (type png)
<use report_image/result/mnist_cnn_accuracy-neurons=4-dropout=0.png>
Package pdftex.def Info: report_image/result/mnist_cnn_accuracy-neurons=4-dropo
ut=0.png  used on input line 120.
(pdftex.def)             Requested size: 103.50105pt x 77.62477pt.
<report_image/result/mnist_cnn_accuracy-neurons=8-dropout=0.png, id=109, 462.52
8pt x 346.896pt>
File: report_image/result/mnist_cnn_accuracy-neurons=8-dropout=0.png Graphic fi
le (type png)
<use report_image/result/mnist_cnn_accuracy-neurons=8-dropout=0.png>
Package pdftex.def Info: report_image/result/mnist_cnn_accuracy-neurons=8-dropo
ut=0.png  used on input line 124.
(pdftex.def)             Requested size: 103.50105pt x 77.62477pt.
<report_image/result/mnist_cnn_accuracy-neurons=16-dropout=0.png, id=110, 462.5
28pt x 346.896pt>
File: report_image/result/mnist_cnn_accuracy-neurons=16-dropout=0.png Graphic f
ile (type png)
<use report_image/result/mnist_cnn_accuracy-neurons=16-dropout=0.png>
Package pdftex.def Info: report_image/result/mnist_cnn_accuracy-neurons=16-drop
out=0.png  used on input line 128.
(pdftex.def)             Requested size: 103.50105pt x 77.62477pt.
File: report_image/result/mnist_cnn_accuracy-neurons=4-dropout=0.png Graphic fi
le (type png)
<use report_image/result/mnist_cnn_accuracy-neurons=4-dropout=0.png>
Package pdftex.def Info: report_image/result/mnist_cnn_accuracy-neurons=4-dropo
ut=0.png  used on input line 138.
(pdftex.def)             Requested size: 155.24895pt x 116.43451pt.
<report_image/result/mnist_cnn_accuracy-neurons=4-dropout=0.5.png, id=112, 462.
528pt x 346.896pt>
File: report_image/result/mnist_cnn_accuracy-neurons=4-dropout=0.5.png Graphic 
file (type png)
<use report_image/result/mnist_cnn_accuracy-neurons=4-dropout=0.5.png>
Package pdftex.def Info: report_image/result/mnist_cnn_accuracy-neurons=4-dropo
ut=0.5.png  used on input line 142.
(pdftex.def)             Requested size: 155.24895pt x 116.43451pt.

Overfull \hbox (0.73897pt too wide) in paragraph at lines 133--147
[]\OT1/cmr/m/n/10 Then I set-ted $\OML/cmm/m/it/10 dropout$ \OT1/cmr/m/n/10 equ
als to $0\OML/cmm/m/it/10 :\OT1/cmr/m/n/10 5$. I com-pared the re-sult be-tween
 $\OML/cmm/m/it/10 dropout \OT1/cmr/m/n/10 =
 []

LaTeX Font Info:    Try loading font information for OMS+cmr on input line 151.

(e:/TexLive2018/setup/texmf-dist/tex/latex/base/omscmr.fd
File: omscmr.fd 2014/09/29 v2.5h Standard LaTeX font definitions
)
LaTeX Font Info:    Font shape `OMS/cmr/m/n' in size <10> not available
(Font)              Font shape `OMS/cmsy/m/n' tried instead on input line 151.
 [5 <./report_image/result/mnist_cnn_accuracy-neurons=4-dropout=0.png> <./repor
t_image/result/mnist_cnn_accuracy-neurons=8-dropout=0.png> <./report_image/resu
lt/mnist_cnn_accuracy-neurons=16-dropout=0.png> <./report_image/result/mnist_cn
n_accuracy-neurons=4-dropout=0.5.png>]
<report_image/result/mnist_cnn_accuracy-neurons=8-dropout=0-sigmoid.png, id=130
, 462.528pt x 346.896pt>
File: report_image/result/mnist_cnn_accuracy-neurons=8-dropout=0-sigmoid.png Gr
aphic file (type png)
<use report_image/result/mnist_cnn_accuracy-neurons=8-dropout=0-sigmoid.png>
Package pdftex.def Info: report_image/result/mnist_cnn_accuracy-neurons=8-dropo
ut=0-sigmoid.png  used on input line 169.
(pdftex.def)             Requested size: 155.24895pt x 116.43451pt.
File: report_image/result/mnist_cnn_accuracy-neurons=8-dropout=0.png Graphic fi
le (type png)
<use report_image/result/mnist_cnn_accuracy-neurons=8-dropout=0.png>
Package pdftex.def Info: report_image/result/mnist_cnn_accuracy-neurons=8-dropo
ut=0.png  used on input line 173.
(pdftex.def)             Requested size: 155.24895pt x 116.43451pt.

Overfull \hbox (10.23323pt too wide) in paragraph at lines 178--179
[]\OT1/cmr/m/n/10 It's ap-par-ent that train-ing pro-cess is faster to reached 
sat-u-ra-tion with $\OML/cmm/m/it/10 softmax$\OT1/cmr/m/n/10 .
 []

<report_image/backpropagation.jpg, id=132, 494.59781pt x 353.82187pt>
File: report_image/backpropagation.jpg Graphic file (type jpg)
<use report_image/backpropagation.jpg>
Package pdftex.def Info: report_image/backpropagation.jpg  used on input line 1
87.
(pdftex.def)             Requested size: 345.0pt x 246.8044pt.
[6 <./report_image/result/mnist_cnn_accuracy-neurons=8-dropout=0-sigmoid.png>]
[7 <./report_image/backpropagation.jpg>]
Overfull \hbox (6.32463pt too wide) in paragraph at lines 233--234
\OT1/cmr/m/n/10 in-stance, if the out-put is $\OML/cmm/m/it/10 z[] \OT1/cmr/m/n
/10 = [10\OML/cmm/m/it/10 ; \OT1/cmr/m/n/10 5]$, so $\OML/cmm/m/it/10 a[] \OT1/
cmr/m/n/10 = \OML/cmm/m/it/10 sigmoid\OT1/cmr/m/n/10 (\OML/cmm/m/it/10 z[]\OT1/
cmr/m/n/10 ) = [0\OML/cmm/m/it/10 :\OT1/cmr/m/n/10 99995\OML/cmm/m/it/10 ; \OT1
/cmr/m/n/10 0\OML/cmm/m/it/10 :\OT1/cmr/m/n/10 9933]$,
 []

[8] (./report.bbl)
Package atveryend Info: Empty hook `BeforeClearDocument' on input line 250.
 [9]
Package atveryend Info: Empty hook `AfterLastShipout' on input line 250.
 (./report.aux)
Package atveryend Info: Executing hook `AtVeryEndDocument' on input line 250.
Package atveryend Info: Executing hook `AtEndAfterFileList' on input line 250.
Package rerunfilecheck Info: File `report.out' has not changed.
(rerunfilecheck)             Checksum: 6444377B764115DDF86FE7AFF42B24E3;570.


LaTeX Warning: There were multiply-defined labels.

Package atveryend Info: Empty hook `AtVeryVeryEnd' on input line 250.
 ) 
Here is how much of TeX's memory you used:
 10490 strings out of 492649
 154025 string characters out of 6131019
 291832 words of memory out of 5000000
 14197 multiletter control sequences out of 15000+600000
 9705 words of font info for 36 fonts, out of 8000000 for 9000
 1141 hyphenation exceptions out of 8191
 36i,17n,48p,742b,1601s stack positions out of 5000i,500n,10000p,200000b,80000s
<e:/TexLive2018/setup/texmf-dist/fonts/type1/public/amsfonts/cm/cmbx10.pfb><e
:/TexLive2018/setup/texmf-dist/fonts/type1/public/amsfonts/cm/cmbx12.pfb><e:/Te
xLive2018/setup/texmf-dist/fonts/type1/public/amsfonts/cm/cmex10.pfb><e:/TexLiv
e2018/setup/texmf-dist/fonts/type1/public/amsfonts/cmextra/cmex7.pfb><e:/TexLiv
e2018/setup/texmf-dist/fonts/type1/public/amsfonts/cm/cmmi10.pfb><e:/TexLive201
8/setup/texmf-dist/fonts/type1/public/amsfonts/cm/cmmi5.pfb><e:/TexLive2018/set
up/texmf-dist/fonts/type1/public/amsfonts/cm/cmmi7.pfb><e:/TexLive2018/setup/te
xmf-dist/fonts/type1/public/amsfonts/cm/cmr10.pfb><e:/TexLive2018/setup/texmf-d
ist/fonts/type1/public/amsfonts/cm/cmr12.pfb><e:/TexLive2018/setup/texmf-dist/f
onts/type1/public/amsfonts/cm/cmr17.pfb><e:/TexLive2018/setup/texmf-dist/fonts/
type1/public/amsfonts/cm/cmr5.pfb><e:/TexLive2018/setup/texmf-dist/fonts/type1/
public/amsfonts/cm/cmr7.pfb><e:/TexLive2018/setup/texmf-dist/fonts/type1/public
/amsfonts/cm/cmr8.pfb><e:/TexLive2018/setup/texmf-dist/fonts/type1/public/amsfo
nts/cm/cmsy10.pfb><e:/TexLive2018/setup/texmf-dist/fonts/type1/public/amsfonts/
cm/cmsy5.pfb><e:/TexLive2018/setup/texmf-dist/fonts/type1/public/amsfonts/cm/cm
sy7.pfb><e:/TexLive2018/setup/texmf-dist/fonts/type1/public/amsfonts/cm/cmti10.
pfb><e:/TexLive2018/setup/texmf-dist/fonts/type1/public/amsfonts/cm/cmtt10.pfb>
<e:/TexLive2018/setup/texmf-dist/fonts/type1/public/amsfonts/cm/cmtt8.pfb>
Output written on report.pdf (9 pages, 655295 bytes).
PDF statistics:
 236 PDF objects out of 1000 (max. 8388607)
 189 compressed objects within 2 object streams
 53 named destinations out of 1000 (max. 500000)
 126 words of extra memory for PDF output out of 10000 (max. 10000000)

