This is pdfTeX, Version 3.14159265-2.6-1.40.16 (MiKTeX 2.9) (preloaded format=pdflatex 2019.1.15)  18 MAR 2019 13:38
entering extended mode
**./report.tex
(report.tex
LaTeX2e <2016/03/31>
Babel <3.9q> and hyphenation patterns for 1 language(s) loaded.
(E:\LaTex\CTEX\MiKTeX\tex\latex\base\article.cls
Document Class: article 2014/09/29 v1.4h Standard LaTeX document class
(E:\LaTex\CTEX\MiKTeX\tex\latex\base\size10.clo
File: size10.clo 2014/09/29 v1.4h Standard LaTeX file (size option)
)
\c@part=\count79
\c@section=\count80
\c@subsection=\count81
\c@subsubsection=\count82
\c@paragraph=\count83
\c@subparagraph=\count84
\c@figure=\count85
\c@table=\count86
\abovecaptionskip=\skip41
\belowcaptionskip=\skip42
\bibindent=\dimen102
)
(E:\LaTex\CTEX\MiKTeX\tex\latex\caption\caption.sty
Package: caption 2016/02/21 v3.3-144 Customizing captions (AR)

(E:\LaTex\CTEX\MiKTeX\tex\latex\caption\caption3.sty
Package: caption3 2016/02/04 v1.7-139 caption3 kernel (AR)
Package caption3 Info: TeX engine: e-TeX on input line 67.

(E:\LaTex\CTEX\MiKTeX\tex\latex\graphics\keyval.sty
Package: keyval 2014/10/28 v1.15 key=value parser (DPC)
\KV@toks@=\toks14
)
\captionmargin=\dimen103
\captionmargin@=\dimen104
\captionwidth=\dimen105
\caption@tempdima=\dimen106
\caption@indent=\dimen107
\caption@parindent=\dimen108
\caption@hangindent=\dimen109
)
\c@ContinuedFloat=\count87
)
(E:\LaTex\CTEX\MiKTeX\tex\latex\cite\cite.sty
LaTeX Info: Redefining \cite on input line 302.
LaTeX Info: Redefining \nocite on input line 332.
Package: cite 2015/02/27  v 5.5
) (pythonhighlight.sty
Package: pythonhighlight 2011/09/19 python code highlighting; provided by Olivi
er Verdier <olivier.verdier@gmail.com>

(E:\LaTex\CTEX\MiKTeX\tex\latex\listings\listings.sty
\lst@mode=\count88
\lst@gtempboxa=\box26
\lst@token=\toks15
\lst@length=\count89
\lst@currlwidth=\dimen110
\lst@column=\count90
\lst@pos=\count91
\lst@lostspace=\dimen111
\lst@width=\dimen112
\lst@newlines=\count92
\lst@lineno=\count93
\lst@maxwidth=\dimen113

(E:\LaTex\CTEX\MiKTeX\tex\latex\listings\lstmisc.sty
File: lstmisc.sty 2015/06/04 1.6 (Carsten Heinz)
\c@lstnumber=\count94
\lst@skipnumbers=\count95
\lst@framebox=\box27
)
(E:\LaTex\CTEX\MiKTeX\tex\latex\listings\listings.cfg
File: listings.cfg 2015/06/04 1.6 listings configuration
))
Package: listings 2015/06/04 1.6 (Carsten Heinz)

(E:\LaTex\CTEX\MiKTeX\tex\latex\xcolor\xcolor.sty
Package: xcolor 2007/01/21 v2.11 LaTeX color extensions (UK)

(E:\LaTex\CTEX\MiKTeX\tex\latex\00miktex\color.cfg
File: color.cfg 2007/01/18 v1.5 color configuration of teTeX/TeXLive
)
Package xcolor Info: Driver file: pdftex.def on input line 225.

(E:\LaTex\CTEX\MiKTeX\tex\latex\pdftex-def\pdftex.def
File: pdftex.def 2011/05/27 v0.06d Graphics/color for pdfTeX

(E:\LaTex\CTEX\MiKTeX\tex\generic\oberdiek\infwarerr.sty
Package: infwarerr 2010/04/08 v1.3 Providing info/warning/error messages (HO)
)
(E:\LaTex\CTEX\MiKTeX\tex\generic\oberdiek\ltxcmds.sty
Package: ltxcmds 2011/11/09 v1.22 LaTeX kernel commands for general use (HO)
)
\Gread@gobject=\count96
)
Package xcolor Info: Model `cmy' substituted by `cmy0' on input line 1337.
Package xcolor Info: Model `hsb' substituted by `rgb' on input line 1341.
Package xcolor Info: Model `RGB' extended on input line 1353.
Package xcolor Info: Model `HTML' substituted by `rgb' on input line 1355.
Package xcolor Info: Model `Hsb' substituted by `hsb' on input line 1356.
Package xcolor Info: Model `tHsb' substituted by `hsb' on input line 1357.
Package xcolor Info: Model `HSB' substituted by `hsb' on input line 1358.
Package xcolor Info: Model `Gray' substituted by `gray' on input line 1359.
Package xcolor Info: Model `wave' substituted by `hsb' on input line 1360.
))
(E:\LaTex\CTEX\MiKTeX\tex\latex\graphics\graphicx.sty
Package: graphicx 2014/10/28 v1.0g Enhanced LaTeX Graphics (DPC,SPQR)

(E:\LaTex\CTEX\MiKTeX\tex\latex\graphics\graphics.sty
Package: graphics 2016/01/03 v1.0q Standard LaTeX Graphics (DPC,SPQR)

(E:\LaTex\CTEX\MiKTeX\tex\latex\graphics\trig.sty
Package: trig 2016/01/03 v1.10 sin cos tan (DPC)
)
(E:\LaTex\CTEX\MiKTeX\tex\latex\00miktex\graphics.cfg
File: graphics.cfg 2010/04/23 v1.9 graphics configuration of TeX Live
)
Package graphics Info: Driver file: pdftex.def on input line 95.
)
\Gin@req@height=\dimen114
\Gin@req@width=\dimen115
)
(E:\LaTex\CTEX\MiKTeX\tex\latex\subfigure\subfigure.sty
Package: subfigure 2002/07/30 v2.1.4 subfigure package
\subfigtopskip=\skip43
\subfigcapskip=\skip44
\subfigcaptopadj=\dimen116
\subfigbottomskip=\skip45
\subfigcapmargin=\dimen117
\subfiglabelskip=\skip46
\c@subfigure=\count97
\c@lofdepth=\count98
\c@subtable=\count99
\c@lotdepth=\count100

****************************************
* Local config file subfigure.cfg used *
****************************************
(E:\LaTex\CTEX\MiKTeX\tex\latex\subfigure\subfigure.cfg)
\subfig@top=\skip47
\subfig@bottom=\skip48
)
(E:\LaTex\CTEX\MiKTeX\tex\latex\hyperref\hyperref.sty
Package: hyperref 2012/11/06 v6.83m Hypertext links for LaTeX

(E:\LaTex\CTEX\MiKTeX\tex\generic\oberdiek\hobsub-hyperref.sty
Package: hobsub-hyperref 2012/04/25 v1.12 Bundle oberdiek, subset hyperref (HO)


(E:\LaTex\CTEX\MiKTeX\tex\generic\oberdiek\hobsub-generic.sty
Package: hobsub-generic 2012/04/25 v1.12 Bundle oberdiek, subset generic (HO)
Package: hobsub 2012/04/25 v1.12 Construct package bundles (HO)
Package hobsub Info: Skipping package `infwarerr' (already loaded).
Package hobsub Info: Skipping package `ltxcmds' (already loaded).
Package: ifluatex 2010/03/01 v1.3 Provides the ifluatex switch (HO)
Package ifluatex Info: LuaTeX not detected.
Package: ifvtex 2010/03/01 v1.5 Detect VTeX and its facilities (HO)
Package ifvtex Info: VTeX not detected.
Package: intcalc 2007/09/27 v1.1 Expandable calculations with integers (HO)
Package: ifpdf 2011/01/30 v2.3 Provides the ifpdf switch (HO)
Package ifpdf Info: pdfTeX in PDF mode is detected.
Package: etexcmds 2011/02/16 v1.5 Avoid name clashes with e-TeX commands (HO)
Package etexcmds Info: Could not find \expanded.
(etexcmds)             That can mean that you are not using pdfTeX 1.50 or
(etexcmds)             that some package has redefined \expanded.
(etexcmds)             In the latter case, load this package earlier.
Package: kvsetkeys 2012/04/25 v1.16 Key value parser (HO)
Package: kvdefinekeys 2011/04/07 v1.3 Define keys (HO)
Package: pdftexcmds 2011/11/29 v0.20 Utility functions of pdfTeX for LuaTeX (HO
)
Package pdftexcmds Info: LuaTeX not detected.
Package pdftexcmds Info: \pdf@primitive is available.
Package pdftexcmds Info: \pdf@ifprimitive is available.
Package pdftexcmds Info: \pdfdraftmode found.
Package: pdfescape 2011/11/25 v1.13 Implements pdfTeX's escape features (HO)
Package: bigintcalc 2012/04/08 v1.3 Expandable calculations on big integers (HO
)
Package: bitset 2011/01/30 v1.1 Handle bit-vector datatype (HO)
Package: uniquecounter 2011/01/30 v1.2 Provide unlimited unique counter (HO)
)
Package hobsub Info: Skipping package `hobsub' (already loaded).
Package: letltxmacro 2010/09/02 v1.4 Let assignment for LaTeX macros (HO)
Package: hopatch 2011/06/24 v1.1 Wrapper for package hooks (HO)
Package: xcolor-patch 2011/01/30 xcolor patch
Package: atveryend 2011/06/30 v1.8 Hooks at the very end of document (HO)
Package atveryend Info: \enddocument detected (standard20110627).
Package: atbegshi 2011/10/05 v1.16 At begin shipout hook (HO)
Package: refcount 2011/10/16 v3.4 Data extraction from label references (HO)
Package: hycolor 2011/01/30 v1.7 Color options for hyperref/bookmark (HO)
)
(E:\LaTex\CTEX\MiKTeX\tex\generic\ifxetex\ifxetex.sty
Package: ifxetex 2010/09/12 v0.6 Provides ifxetex conditional
)
(E:\LaTex\CTEX\MiKTeX\tex\latex\oberdiek\auxhook.sty
Package: auxhook 2011/03/04 v1.3 Hooks for auxiliary files (HO)
)
(E:\LaTex\CTEX\MiKTeX\tex\latex\oberdiek\kvoptions.sty
Package: kvoptions 2011/06/30 v3.11 Key value format for package options (HO)
)
\@linkdim=\dimen118
\Hy@linkcounter=\count101
\Hy@pagecounter=\count102

(E:\LaTex\CTEX\MiKTeX\tex\latex\hyperref\pd1enc.def
File: pd1enc.def 2012/11/06 v6.83m Hyperref: PDFDocEncoding definition (HO)
)
\Hy@SavedSpaceFactor=\count103

(E:\LaTex\CTEX\MiKTeX\tex\latex\00miktex\hyperref.cfg
File: hyperref.cfg 2002/06/06 v1.2 hyperref configuration of TeXLive
)
Package hyperref Info: Hyper figures OFF on input line 4443.
Package hyperref Info: Link nesting OFF on input line 4448.
Package hyperref Info: Hyper index ON on input line 4451.
Package hyperref Info: Plain pages OFF on input line 4458.
Package hyperref Info: Backreferencing OFF on input line 4463.
Package hyperref Info: Implicit mode ON; LaTeX internals redefined.
Package hyperref Info: Bookmarks ON on input line 4688.
\c@Hy@tempcnt=\count104

(E:\LaTex\CTEX\MiKTeX\tex\latex\url\url.sty
\Urlmuskip=\muskip10
Package: url 2013/09/16  ver 3.4  Verb mode for urls, etc.
)
LaTeX Info: Redefining \url on input line 5041.
\XeTeXLinkMargin=\dimen119
\Fld@menulength=\count105
\Field@Width=\dimen120
\Fld@charsize=\dimen121
Package hyperref Info: Hyper figures OFF on input line 6295.
Package hyperref Info: Link nesting OFF on input line 6300.
Package hyperref Info: Hyper index ON on input line 6303.
Package hyperref Info: backreferencing OFF on input line 6310.
Package hyperref Info: Link coloring OFF on input line 6315.
Package hyperref Info: Link coloring with OCG OFF on input line 6320.
Package hyperref Info: PDF/A mode OFF on input line 6325.
LaTeX Info: Redefining \ref on input line 6365.
LaTeX Info: Redefining \pageref on input line 6369.
\Hy@abspage=\count106
\c@Item=\count107
\c@Hfootnote=\count108
)

Package hyperref Message: Driver (autodetected): hpdftex.

(E:\LaTex\CTEX\MiKTeX\tex\latex\hyperref\hpdftex.def
File: hpdftex.def 2012/11/06 v6.83m Hyperref driver for pdfTeX
\Fld@listcount=\count109
\c@bookmark@seq@number=\count110

(E:\LaTex\CTEX\MiKTeX\tex\latex\oberdiek\rerunfilecheck.sty
Package: rerunfilecheck 2011/04/15 v1.7 Rerun checks for auxiliary files (HO)
Package uniquecounter Info: New unique counter `rerunfilecheck' on input line 2
82.
)
\Hy@SectionHShift=\skip49
)
(E:\LaTex\CTEX\MiKTeX\tex\generic\babel\babel.sty
Package: babel 2016/02/09 3.9q The Babel package

*************************************
* Local config file bblopts.cfg used
*
(E:\LaTex\CTEX\MiKTeX\tex\latex\00miktex\bblopts.cfg
File: bblopts.cfg 2006/07/31 v1.0 MiKTeX 'babel' configuration
)
(E:\LaTex\CTEX\MiKTeX\tex\latex\babel-english\english.ldf
Language: english 2012/08/20 v3.3p English support from the babel system

(E:\LaTex\CTEX\MiKTeX\tex\generic\babel\babel.def
File: babel.def 2016/02/09 3.9q Babel common definitions
\babel@savecnt=\count111
\U@D=\dimen122
)
\l@british = a dialect from \language\l@english 
\l@UKenglish = a dialect from \language\l@english 
\l@american = a dialect from \language\l@english 
\l@canadian = a dialect from \language\l@american 
\l@australian = a dialect from \language\l@british 
\l@newzealand = a dialect from \language\l@british 
))
(E:\LaTex\CTEX\MiKTeX\tex\latex\base\inputenc.sty
Package: inputenc 2015/03/17 v1.2c Input encoding file
\inpenc@prehook=\toks16
\inpenc@posthook=\toks17

(E:\LaTex\CTEX\MiKTeX\tex\latex\base\latin1.def
File: latin1.def 2015/03/17 v1.2c Input encoding file
)) (report.aux

LaTeX Warning: Label `fig:a' multiply defined.


LaTeX Warning: Label `sub@fig:a' multiply defined.


LaTeX Warning: Label `fig:b' multiply defined.


LaTeX Warning: Label `sub@fig:b' multiply defined.


LaTeX Warning: Label `fig:c' multiply defined.


LaTeX Warning: Label `sub@fig:c' multiply defined.


LaTeX Warning: Label `fig:d' multiply defined.


LaTeX Warning: Label `sub@fig:d' multiply defined.


LaTeX Warning: Label `fig:e' multiply defined.


LaTeX Warning: Label `sub@fig:e' multiply defined.


LaTeX Warning: Label `fig:a' multiply defined.


LaTeX Warning: Label `sub@fig:a' multiply defined.


LaTeX Warning: Label `fig:b' multiply defined.


LaTeX Warning: Label `sub@fig:b' multiply defined.


LaTeX Warning: Label `fig:c' multiply defined.


LaTeX Warning: Label `sub@fig:c' multiply defined.


LaTeX Warning: Label `fig:d' multiply defined.


LaTeX Warning: Label `sub@fig:d' multiply defined.


LaTeX Warning: Label `fig:e' multiply defined.


LaTeX Warning: Label `sub@fig:e' multiply defined.


LaTeX Warning: Label `fig:a' multiply defined.


LaTeX Warning: Label `sub@fig:a' multiply defined.


LaTeX Warning: Label `fig:b' multiply defined.


LaTeX Warning: Label `sub@fig:b' multiply defined.


LaTeX Warning: Label `fig:c' multiply defined.


LaTeX Warning: Label `sub@fig:c' multiply defined.


LaTeX Warning: Label `fig:d' multiply defined.


LaTeX Warning: Label `sub@fig:d' multiply defined.


LaTeX Warning: Label `fig:e' multiply defined.


LaTeX Warning: Label `sub@fig:e' multiply defined.


LaTeX Warning: Label `fig:a' multiply defined.


LaTeX Warning: Label `sub@fig:a' multiply defined.


LaTeX Warning: Label `fig:b' multiply defined.


LaTeX Warning: Label `sub@fig:b' multiply defined.


LaTeX Warning: Label `fig:c' multiply defined.


LaTeX Warning: Label `sub@fig:c' multiply defined.


LaTeX Warning: Label `fig:d' multiply defined.


LaTeX Warning: Label `sub@fig:d' multiply defined.

)
\openout1 = `report.aux'.

LaTeX Font Info:    Checking defaults for OML/cmm/m/it on input line 10.
LaTeX Font Info:    ... okay on input line 10.
LaTeX Font Info:    Checking defaults for T1/cmr/m/n on input line 10.
LaTeX Font Info:    ... okay on input line 10.
LaTeX Font Info:    Checking defaults for OT1/cmr/m/n on input line 10.
LaTeX Font Info:    ... okay on input line 10.
LaTeX Font Info:    Checking defaults for OMS/cmsy/m/n on input line 10.
LaTeX Font Info:    ... okay on input line 10.
LaTeX Font Info:    Checking defaults for OMX/cmex/m/n on input line 10.
LaTeX Font Info:    ... okay on input line 10.
LaTeX Font Info:    Checking defaults for U/cmr/m/n on input line 10.
LaTeX Font Info:    ... okay on input line 10.
LaTeX Font Info:    Checking defaults for PD1/pdf/m/n on input line 10.
LaTeX Font Info:    ... okay on input line 10.
Package caption Info: Begin \AtBeginDocument code.
Package caption Info: hyperref package is loaded.
Package caption Info: listings package is loaded.
Package caption Info: subfigure package is loaded.
Package caption Info: End \AtBeginDocument code.
\c@lstlisting=\count112
 (E:\LaTex\CTEX\MiKTeX\tex\latex\oberdiek\epstopdf-base.sty
Package: epstopdf-base 2010/02/09 v2.5 Base part for package epstopdf

(E:\LaTex\CTEX\MiKTeX\tex\latex\oberdiek\grfext.sty
Package: grfext 2010/08/19 v1.1 Manage graphics extensions (HO)
)
Package grfext Info: Graphics extension search list:
(grfext)             [.png,.pdf,.jpg,.mps,.jpeg,.jbig2,.jb2,.PNG,.PDF,.JPG,.JPE
G,.JBIG2,.JB2,.eps]
(grfext)             \AppendGraphicsExtensions on input line 452.
)
\AtBeginShipoutBox=\box28
Package hyperref Info: Link coloring OFF on input line 10.

(E:\LaTex\CTEX\MiKTeX\tex\latex\hyperref\nameref.sty
Package: nameref 2012/10/27 v2.43 Cross-referencing by name of section

(E:\LaTex\CTEX\MiKTeX\tex\generic\oberdiek\gettitlestring.sty
Package: gettitlestring 2010/12/03 v1.4 Cleanup title references (HO)
)
\c@section@level=\count113
)
LaTeX Info: Redefining \ref on input line 10.
LaTeX Info: Redefining \pageref on input line 10.
LaTeX Info: Redefining \nameref on input line 10.
 (report.out)
(report.out)
\@outlinefile=\write3
\openout3 = `report.out'.

LaTeX Font Info:    External font `cmex10' loaded for size
(Font)              <12> on input line 20.
LaTeX Font Info:    External font `cmex10' loaded for size
(Font)              <8> on input line 20.
LaTeX Font Info:    External font `cmex10' loaded for size
(Font)              <6> on input line 20.
 [1

{E:/LaTex/CTEX/UserData/pdftex/config/pdftex.map{UGBK.sfd}{Unicode.sfd}}]

Package hyperref Warning: Option `colorlinks' has already been used,
(hyperref)                setting the option has no effect on input line 25.


Package hyperref Warning: Option `bookmarks' has already been used,
(hyperref)                setting the option has no effect on input line 25.

Package hyperref Info: Option `unicode' set `true' on input line 25.

! Package hyperref Error: Unicode support for bookmarks is not available.
(hyperref)                Activate unicode support by using one of the options
(hyperref)                `unicode', `pdfencoding=unicode', `pdfencoding=auto'
(hyperref)                in the preamble.

See the hyperref package documentation for explanation.
Type  H <return>  for immediate help.
 ...                                              
                                                  
l.25 ...setup{colorlinks=true, bookmarks, unicode}
                                                  
? 
! Undefined control sequence.
l.47 \paragragh
                After AlexNet\cite{NIPS2012_4824} showing strong strength in...

? 
<report_image/LeNet5.png, id=60, 2162.0775pt x 598.235pt>
File: report_image/LeNet5.png Graphic file (type png)

<use report_image/LeNet5.png>
Package pdftex.def Info: report_image/LeNet5.png used on input line 73.
(pdftex.def)             Requested size: 345.0pt x 95.45483pt.
LaTeX Font Info:    External font `cmex10' loaded for size
(Font)              <7> on input line 79.
LaTeX Font Info:    External font `cmex10' loaded for size
(Font)              <5> on input line 79.
 [2]
(E:\LaTex\CTEX\MiKTeX\tex\latex\listings\lstlang1.sty
File: lstlang1.sty 2015/06/04 1.6 listings language file
)
LaTeX Font Info:    Font shape `OT1/cmtt/bx/n' in size <8> not available
(Font)              Font shape `OT1/cmtt/m/n' tried instead on input line 105.
LaTeX Font Info:    Try loading font information for OMS+cmr on input line 114.


(E:\LaTex\CTEX\MiKTeX\tex\latex\base\omscmr.fd
File: omscmr.fd 2014/09/29 v2.5h Standard LaTeX font definitions
)
LaTeX Font Info:    Font shape `OMS/cmr/m/n' in size <10> not available
(Font)              Font shape `OMS/cmsy/m/n' tried instead on input line 114.
 [3 <./report_image/LeNet5.png (PNG copy)>]
<report_image/results/CIFAR10/cifar10_3_loss.jpg, id=107, 462.528pt x 346.896pt
>
File: report_image/results/CIFAR10/cifar10_3_loss.jpg Graphic file (type jpg)
 <use report_image/results/CIFAR10/cifar10_3_loss.jpg>
Package pdftex.def Info: report_image/results/CIFAR10/cifar10_3_loss.jpg used o
n input line 130.
(pdftex.def)             Requested size: 103.50105pt x 77.62477pt.

<report_image/results/CIFAR10/cifar10_5_loss.jpg, id=108, 462.528pt x 346.896pt
>
File: report_image/results/CIFAR10/cifar10_5_loss.jpg Graphic file (type jpg)
 <use report_image/results/CIFAR10/cifar10_5_loss.jpg>
Package pdftex.def Info: report_image/results/CIFAR10/cifar10_5_loss.jpg used o
n input line 134.
(pdftex.def)             Requested size: 103.50105pt x 77.62477pt.

<report_image/results/CIFAR10/cifar10_7_loss.jpg, id=109, 462.528pt x 346.896pt
>
File: report_image/results/CIFAR10/cifar10_7_loss.jpg Graphic file (type jpg)
 <use report_image/results/CIFAR10/cifar10_7_loss.jpg>
Package pdftex.def Info: report_image/results/CIFAR10/cifar10_7_loss.jpg used o
n input line 138.
(pdftex.def)             Requested size: 103.50105pt x 77.62477pt.

<report_image/results/CIFAR10/cifar10_9_loss.jpg, id=110, 462.528pt x 346.896pt
>
File: report_image/results/CIFAR10/cifar10_9_loss.jpg Graphic file (type jpg)
 <use report_image/results/CIFAR10/cifar10_9_loss.jpg>
Package pdftex.def Info: report_image/results/CIFAR10/cifar10_9_loss.jpg used o
n input line 142.
(pdftex.def)             Requested size: 103.50105pt x 77.62477pt.

<report_image/results/CIFAR10/cifar10_11_loss.jpg, id=111, 462.528pt x 346.896p
t>
File: report_image/results/CIFAR10/cifar10_11_loss.jpg Graphic file (type jpg)
 <use report_image/results/CIFAR10/cifar10_11_loss.jpg>
Package pdftex.def Info: report_image/results/CIFAR10/cifar10_11_loss.jpg used 
on input line 146.
(pdftex.def)             Requested size: 103.50105pt x 77.62477pt.

<report_image/results/17FLOWERS/17flowers_3_loss.jpg, id=113, 462.528pt x 346.8
96pt>
File: report_image/results/17FLOWERS/17flowers_3_loss.jpg Graphic file (type jp
g)
 <use report_image/results/17FLOWERS/17flowers_3_loss.jpg>
Package pdftex.def Info: report_image/results/17FLOWERS/17flowers_3_loss.jpg us
ed on input line 161.
(pdftex.def)             Requested size: 103.50105pt x 77.62477pt.

<report_image/results/17FLOWERS/17flowers_5_loss.jpg, id=114, 462.528pt x 346.8
96pt>
File: report_image/results/17FLOWERS/17flowers_5_loss.jpg Graphic file (type jp
g)
 <use report_image/results/17FLOWERS/17flowers_5_loss.jpg>
Package pdftex.def Info: report_image/results/17FLOWERS/17flowers_5_loss.jpg us
ed on input line 165.
(pdftex.def)             Requested size: 103.50105pt x 77.62477pt.

<report_image/results/17FLOWERS/17flowers_7_loss.jpg, id=115, 462.528pt x 346.8
96pt>
File: report_image/results/17FLOWERS/17flowers_7_loss.jpg Graphic file (type jp
g)
 <use report_image/results/17FLOWERS/17flowers_7_loss.jpg>
Package pdftex.def Info: report_image/results/17FLOWERS/17flowers_7_loss.jpg us
ed on input line 169.
(pdftex.def)             Requested size: 103.50105pt x 77.62477pt.

<report_image/results/17FLOWERS/17flowers_9_loss.jpg, id=116, 462.528pt x 346.8
96pt>
File: report_image/results/17FLOWERS/17flowers_9_loss.jpg Graphic file (type jp
g)
 <use report_image/results/17FLOWERS/17flowers_9_loss.jpg>
Package pdftex.def Info: report_image/results/17FLOWERS/17flowers_9_loss.jpg us
ed on input line 173.
(pdftex.def)             Requested size: 103.50105pt x 77.62477pt.

<report_image/results/17FLOWERS/17flowers_11_loss.jpg, id=117, 462.528pt x 346.
896pt>
File: report_image/results/17FLOWERS/17flowers_11_loss.jpg Graphic file (type j
pg)
 <use report_image/results/17FLOWERS/17flowers_11_loss.jpg>
Package pdftex.def Info: report_image/results/17FLOWERS/17flowers_11_loss.jpg u
sed on input line 177.
(pdftex.def)             Requested size: 103.50105pt x 77.62477pt.

<report_image/results/INDOOR67/indoor67_3_loss.jpg, id=119, 462.528pt x 346.896
pt>
File: report_image/results/INDOOR67/indoor67_3_loss.jpg Graphic file (type jpg)

 <use report_image/results/INDOOR67/indoor67_3_loss.jpg>
Package pdftex.def Info: report_image/results/INDOOR67/indoor67_3_loss.jpg used
 on input line 193.
(pdftex.def)             Requested size: 103.50105pt x 77.62477pt.

<report_image/results/INDOOR67/indoor67_5_loss.jpg, id=120, 462.528pt x 346.896
pt>
File: report_image/results/INDOOR67/indoor67_5_loss.jpg Graphic file (type jpg)

 <use report_image/results/INDOOR67/indoor67_5_loss.jpg>
Package pdftex.def Info: report_image/results/INDOOR67/indoor67_5_loss.jpg used
 on input line 197.
(pdftex.def)             Requested size: 103.50105pt x 77.62477pt.

<report_image/results/INDOOR67/indoor67_7_loss.jpg, id=121, 462.528pt x 346.896
pt>
File: report_image/results/INDOOR67/indoor67_7_loss.jpg Graphic file (type jpg)

 <use report_image/results/INDOOR67/indoor67_7_loss.jpg>
Package pdftex.def Info: report_image/results/INDOOR67/indoor67_7_loss.jpg used
 on input line 201.
(pdftex.def)             Requested size: 103.50105pt x 77.62477pt.

<report_image/results/INDOOR67/indoor67_9_loss.jpg, id=122, 462.528pt x 346.896
pt>
File: report_image/results/INDOOR67/indoor67_9_loss.jpg Graphic file (type jpg)

 <use report_image/results/INDOOR67/indoor67_9_loss.jpg>
Package pdftex.def Info: report_image/results/INDOOR67/indoor67_9_loss.jpg used
 on input line 205.
(pdftex.def)             Requested size: 103.50105pt x 77.62477pt.

<report_image/results/INDOOR67/indoor67_11_loss.jpg, id=123, 462.528pt x 346.89
6pt>
File: report_image/results/INDOOR67/indoor67_11_loss.jpg Graphic file (type jpg
)
 <use report_image/results/INDOOR67/indoor67_11_loss.jpg>
Package pdftex.def Info: report_image/results/INDOOR67/indoor67_11_loss.jpg use
d on input line 209.
(pdftex.def)             Requested size: 103.50105pt x 77.62477pt.

<report_image/results/TEXTURES/textures47_3_loss.jpg, id=125, 462.528pt x 346.8
96pt>
File: report_image/results/TEXTURES/textures47_3_loss.jpg Graphic file (type jp
g)
 <use report_image/results/TEXTURES/textures47_3_loss.jpg>
Package pdftex.def Info: report_image/results/TEXTURES/textures47_3_loss.jpg us
ed on input line 224.
(pdftex.def)             Requested size: 103.50105pt x 77.62477pt.

<report_image/results/TEXTURES/textures47_5_loss.jpg, id=126, 462.528pt x 346.8
96pt>
File: report_image/results/TEXTURES/textures47_5_loss.jpg Graphic file (type jp
g)
 <use report_image/results/TEXTURES/textures47_5_loss.jpg>
Package pdftex.def Info: report_image/results/TEXTURES/textures47_5_loss.jpg us
ed on input line 228.
(pdftex.def)             Requested size: 103.50105pt x 77.62477pt.

<report_image/results/TEXTURES/textures47_7_loss.jpg, id=127, 462.528pt x 346.8
96pt>
File: report_image/results/TEXTURES/textures47_7_loss.jpg Graphic file (type jp
g)
 <use report_image/results/TEXTURES/textures47_7_loss.jpg>
Package pdftex.def Info: report_image/results/TEXTURES/textures47_7_loss.jpg us
ed on input line 232.
(pdftex.def)             Requested size: 103.50105pt x 77.62477pt.

<report_image/results/TEXTURES/textures47_9_loss.jpg, id=128, 462.528pt x 346.8
96pt>
File: report_image/results/TEXTURES/textures47_9_loss.jpg Graphic file (type jp
g)
 <use report_image/results/TEXTURES/textures47_9_loss.jpg>
Package pdftex.def Info: report_image/results/TEXTURES/textures47_9_loss.jpg us
ed on input line 236.
(pdftex.def)             Requested size: 103.50105pt x 77.62477pt.

<report_image/results/TEXTURES/textures47_11_loss.jpg, id=129, 462.528pt x 346.
896pt>
File: report_image/results/TEXTURES/textures47_11_loss.jpg Graphic file (type j
pg)
 <use report_image/results/TEXTURES/textures47_11_loss.jpg>
Package pdftex.def Info: report_image/results/TEXTURES/textures47_11_loss.jpg u
sed on input line 240.
(pdftex.def)             Requested size: 103.50105pt x 77.62477pt.
 [4 <./report_image/results/CIFAR10/cifar10_3_loss.jpg> <./report_image/results
/CIFAR10/cifar10_5_loss.jpg> <./report_image/results/CIFAR10/cifar10_7_loss.jpg
> <./report_image/results/CIFAR10/cifar10_9_loss.jpg> <./report_image/results/C
IFAR10/cifar10_11_loss.jpg>] [5 <./report_image/results/17FLOWERS/17flowers_3_l
oss.jpg> <./report_image/results/17FLOWERS/17flowers_5_loss.jpg> <./report_imag
e/results/17FLOWERS/17flowers_7_loss.jpg> <./report_image/results/17FLOWERS/17f
lowers_9_loss.jpg> <./report_image/results/17FLOWERS/17flowers_11_loss.jpg> <./
report_image/results/INDOOR67/indoor67_3_loss.jpg> <./report_image/results/INDO
OR67/indoor67_5_loss.jpg> <./report_image/results/INDOOR67/indoor67_7_loss.jpg>
 <./report_image/results/INDOOR67/indoor67_9_loss.jpg> <./report_image/results/
INDOOR67/indoor67_11_loss.jpg>]
<report_image/results/cifar10_minimum_loss.png, id=158, 396.48125pt x 279.0425p
t>
File: report_image/results/cifar10_minimum_loss.png Graphic file (type png)
 <use report_image/results/cifar10_minimum_loss.png>
Package pdftex.def Info: report_image/results/cifar10_minimum_loss.png used on 
input line 256.
(pdftex.def)             Requested size: 155.24895pt x 109.26468pt.

<report_image/results/17flowers_minimum_loss.png, id=160, 390.45876pt x 279.042
5pt>
File: report_image/results/17flowers_minimum_loss.png Graphic file (type png)
 <use report_image/results/17flowers_minimum_loss.png>
Package pdftex.def Info: report_image/results/17flowers_minimum_loss.png used o
n input line 260.
(pdftex.def)             Requested size: 155.24895pt x 110.94653pt.

<report_image/results/indoor67_minimum_loss.png, id=161, 396.48125pt x 279.0425
pt>
File: report_image/results/indoor67_minimum_loss.png Graphic file (type png)
 <use report_image/results/indoor67_minimum_loss.png>
Package pdftex.def Info: report_image/results/indoor67_minimum_loss.png used on
 input line 264.
(pdftex.def)             Requested size: 155.24895pt x 109.26468pt.

<report_image/results/textures_minimum_loss.png, id=162, 396.48125pt x 279.0425
pt>
File: report_image/results/textures_minimum_loss.png Graphic file (type png)
 <use report_image/results/textures_minimum_loss.png>
Package pdftex.def Info: report_image/results/textures_minimum_loss.png used on
 input line 268.
(pdftex.def)             Requested size: 155.24895pt x 109.26468pt.
 [6 <./report_image/results/TEXTURES/textures47_3_loss.jpg> <./report_image/res
ults/TEXTURES/textures47_5_loss.jpg> <./report_image/results/TEXTURES/textures4
7_7_loss.jpg> <./report_image/results/TEXTURES/textures47_9_loss.jpg> <./report
_image/results/TEXTURES/textures47_11_loss.jpg>] [7 <./report_image/results/cif
ar10_minimum_loss.png> <./report_image/results/17flowers_minimum_loss.png> <./r
eport_image/results/indoor67_minimum_loss.png> <./report_image/results/textures
_minimum_loss.png>]
(report.bbl)
Package atveryend Info: Empty hook `BeforeClearDocument' on input line 297.
 [8]
Package atveryend Info: Empty hook `AfterLastShipout' on input line 297.
 (report.aux)
Package atveryend Info: Executing hook `AtVeryEndDocument' on input line 297.
Package atveryend Info: Executing hook `AtEndAfterFileList' on input line 297.
Package rerunfilecheck Info: File `report.out' has not changed.
(rerunfilecheck)             Checksum: 8FDD45035C3664CC23CD5ADE3000B7C4;586.


LaTeX Warning: There were multiply-defined labels.

Package atveryend Info: Empty hook `AtVeryVeryEnd' on input line 297.
 ) 
Here is how much of TeX's memory you used:
 9213 strings out of 495237
 137018 string characters out of 3182391
 294342 words of memory out of 3000000
 12303 multiletter control sequences out of 15000+200000
 8577 words of font info for 31 fonts, out of 3000000 for 9000
 14 hyphenation exceptions out of 8191
 36i,8n,48p,514b,1593s stack positions out of 5000i,500n,10000p,200000b,50000s
<E:/LaTex/CTEX/MiKTeX/fonts/type1/public/amsfonts/cm/cmbx10.pfb><E:/LaTex/CTE
X/MiKTeX/fonts/type1/public/amsfonts/cm/cmbx12.pfb><E:/LaTex/CTEX/MiKTeX/fonts/
type1/public/amsfonts/cm/cmr10.pfb><E:/LaTex/CTEX/MiKTeX/fonts/type1/public/ams
fonts/cm/cmr12.pfb><E:/LaTex/CTEX/MiKTeX/fonts/type1/public/amsfonts/cm/cmr17.p
fb><E:/LaTex/CTEX/MiKTeX/fonts/type1/public/amsfonts/cm/cmr8.pfb><E:/LaTex/CTEX
/MiKTeX/fonts/type1/public/amsfonts/cm/cmsy10.pfb><E:/LaTex/CTEX/MiKTeX/fonts/t
ype1/public/amsfonts/cm/cmti10.pfb><E:/LaTex/CTEX/MiKTeX/fonts/type1/public/ams
fonts/cm/cmtt10.pfb><E:/LaTex/CTEX/MiKTeX/fonts/type1/public/amsfonts/cm/cmtt8.
pfb>
Output written on report.pdf (8 pages, 1093121 bytes).
PDF statistics:
 244 PDF objects out of 1000 (max. 8388607)
 78 named destinations out of 1000 (max. 500000)
 214 words of extra memory for PDF output out of 10000 (max. 10000000)

